<?xml version="1.0" encoding="UTF-8"?>
<testng-results skipped="0" failed="0" ignored="0" total="1" passed="1">
  <reporter-output>
  </reporter-output>
  <suite name="Default suite" duration-ms="8969" started-at="2019-02-05T06:22:14Z" finished-at="2019-02-05T06:22:23Z">
    <groups>
    </groups>
    <test name="Default test" duration-ms="8969" started-at="2019-02-05T06:22:14Z" finished-at="2019-02-05T06:22:23Z">
      <class name="Demos.DemoToursLogin">
        <test-method status="PASS" signature="f()[pri:0, instance:Demos.DemoToursLogin@d56d67]" name="f" duration-ms="8917" started-at="2019-02-05T06:22:14Z" finished-at="2019-02-05T06:22:23Z">
          <reporter-output>
          </reporter-output>
        </test-method> <!-- f -->
      </class> <!-- Demos.DemoToursLogin -->
    </test> <!-- Default test -->
  </suite> <!-- Default suite -->
</testng-results>
